<?xml version="1.0" encoding="UTF-8"?>
<!-- Generated by org.testng.reporters.JUnitReportReporter -->
<testsuite skipped="0" hostname="DESKTOP-CL61B33" name="com.onesuite.testcases.SubscriberNotifications" tests="2" failures="0" timestamp="2021-11-01T15:20:18 PKT" time="66.777" errors="0">
  <testcase name="login" time="54.058" classname="com.onesuite.testcases.SubscriberNotifications"/>
  <testcase name="ReadNotification" time="12.719" classname="com.onesuite.testcases.SubscriberNotifications"/>
</testsuite> <!-- com.onesuite.testcases.SubscriberNotifications -->
