<?xml version="1.0" encoding="UTF-8"?>
<!-- Generated by org.testng.reporters.JUnitReportReporter -->
<testsuite skipped="0" hostname="DESKTOP-CL61B33" name="com.onesuite.testcases.CreateResellerbyDistributor" tests="1" failures="0" timestamp="2021-08-04T15:27:49 PKT" time="21.613" errors="0">
  <testcase name="ResellerbyDistributor" time="21.613" classname="com.onesuite.testcases.CreateResellerbyDistributor"/>
</testsuite> <!-- com.onesuite.testcases.CreateResellerbyDistributor -->
