<?xml version="1.0" encoding="UTF-8"?>
<!-- Generated by org.testng.reporters.JUnitReportReporter -->
<testsuite skipped="0" hostname="DESKTOP-CL61B33" name="com.onesuite.testcases.AddressBook" tests="1" failures="0" timestamp="2021-11-03T17:16:55 PKT" time="9.781" errors="0">
  <testcase name="SubscriberAddressBook" time="9.781" classname="com.onesuite.testcases.AddressBook"/>
</testsuite> <!-- com.onesuite.testcases.AddressBook -->
