<?xml version="1.0" encoding="UTF-8"?>
<!-- Generated by org.testng.reporters.JUnitReportReporter -->
<testsuite skipped="0" hostname="DESKTOP-CL61B33" name="com.onesuite.testcases.LoginTest" tests="1" failures="0" timestamp="2021-08-26T02:08:37 PKT" time="5.266" errors="0">
  <testcase name="loginAsSubscriber" time="5.266" classname="com.onesuite.testcases.LoginTest"/>
</testsuite> <!-- com.onesuite.testcases.LoginTest -->
