<?xml version="1.0" encoding="UTF-8"?>
<!-- Generated by org.testng.reporters.JUnitReportReporter -->
<testsuite skipped="0" hostname="DESKTOP-CL61B33" name="com.onesuite.testcases.Rough" tests="2" failures="0" timestamp="2021-07-11T19:51:47 PKT" time="30.056" errors="0">
  <testcase name="roughtest" time="29.173" classname="com.onesuite.testcases.Rough"/>
  <testcase name="Department" time="0.883" classname="com.onesuite.testcases.Rough"/>
</testsuite> <!-- com.onesuite.testcases.Rough -->
