<?xml version="1.0" encoding="UTF-8"?>
<!-- Generated by org.testng.reporters.JUnitReportReporter -->
<testsuite skipped="0" hostname="DESKTOP-CL61B33" name="com.onesuite.testcases.AdminSettings" tests="4" failures="0" timestamp="2021-07-14T01:19:23 PKT" time="49.393" errors="0">
  <testcase name="Roles" time="39.900" classname="com.onesuite.testcases.AdminSettings"/>
  <testcase name="scrollpage" time="0.042" classname="com.onesuite.testcases.AdminSettings"/>
  <testcase name="Departments" time="4.789" classname="com.onesuite.testcases.AdminSettings"/>
  <testcase name="Incedent" time="4.662" classname="com.onesuite.testcases.AdminSettings"/>
</testsuite> <!-- com.onesuite.testcases.AdminSettings -->
