<?xml version="1.0" encoding="UTF-8"?>
<!-- Generated by org.testng.reporters.JUnitReportReporter -->
<testsuite skipped="0" hostname="DESKTOP-CL61B33" name="com.onesuite.testcases.CallBack" tests="1" failures="0" timestamp="2021-11-03T17:16:55 PKT" time="23.079" errors="0">
  <testcase name="Callback" time="23.079" classname="com.onesuite.testcases.CallBack"/>
</testsuite> <!-- com.onesuite.testcases.CallBack -->
