<?xml version="1.0" encoding="UTF-8"?>
<!-- Generated by org.testng.reporters.JUnitReportReporter -->
<testsuite skipped="0" hostname="DESKTOP-CL61B33" name="com.onesuite.testcases.CallForwarding" tests="1" failures="0" timestamp="2021-11-03T17:16:55 PKT" time="34.035" errors="0">
  <testcase name="CallForwardingNum" time="34.035" classname="com.onesuite.testcases.CallForwarding"/>
</testsuite> <!-- com.onesuite.testcases.CallForwarding -->
