<?xml version="1.0" encoding="UTF-8"?>
<!-- Generated by org.testng.reporters.JUnitReportReporter -->
<testsuite skipped="0" hostname="DESKTOP-CL61B33" name="OneSuiteWebsite.OnesuiteWebMenus" tests="1" failures="0" timestamp="2021-07-18T14:32:26 PKT" time="86.622" errors="0">
  <testcase name="webmenus" time="86.622" classname="OneSuiteWebsite.OnesuiteWebMenus"/>
</testsuite> <!-- OneSuiteWebsite.OnesuiteWebMenus -->
